Using pre-set license
Built from '2022.1/staging' branch; Version is '2022.1.18f1 (8a091f9adba4) revision 9046303'; Using compiler version '192829333'; Build Type 'Release'
OS: 'Windows 10  (10.0.19044) 64bit CoreSingleLanguage' Language: 'uk' Physical Memory: 15722 MB
BatchMode: 1, IsHumanControllingUs: 0, StartBugReporterOnCrash: 0, Is64bit: 1, IsPro: 1

COMMAND LINE ARGUMENTS:
C:\Program Files\Unity\Hub\Editor\2022.1.18f1\Editor\Unity.exe
-adb2
-batchMode
-noUpm
-name
AssetImportWorker0
-projectPath
C:/Users/zheni/Avanture/eBAIII
-logFile
Logs/AssetImportWorker0.log
-srvPort
52587
Successfully changed project path to: C:/Users/zheni/Avanture/eBAIII
C:/Users/zheni/Avanture/eBAIII
[UnityMemory] Configuration Parameters - Can be set up in boot.config
    "memorysetup-bucket-allocator-granularity=16"
    "memorysetup-bucket-allocator-bucket-count=8"
    "memorysetup-bucket-allocator-block-size=33554432"
    "memorysetup-bucket-allocator-block-count=8"
    "memorysetup-main-allocator-block-size=16777216"
    "memorysetup-thread-allocator-block-size=16777216"
    "memorysetup-gfx-main-allocator-block-size=16777216"
    "memorysetup-gfx-thread-allocator-block-size=16777216"
    "memorysetup-cache-allocator-block-size=4194304"
    "memorysetup-typetree-allocator-block-size=2097152"
    "memorysetup-profiler-bucket-allocator-granularity=16"
    "memorysetup-profiler-bucket-allocator-bucket-count=8"
    "memorysetup-profiler-bucket-allocator-block-size=33554432"
    "memorysetup-profiler-bucket-allocator-block-count=8"
    "memorysetup-profiler-allocator-block-size=16777216"
    "memorysetup-profiler-editor-allocator-block-size=1048576"
    "memorysetup-temp-allocator-size-main=16777216"
    "memorysetup-job-temp-allocator-block-size=2097152"
    "memorysetup-job-temp-allocator-block-size-background=1048576"
    "memorysetup-job-temp-allocator-reduction-small-platforms=262144"
    "memorysetup-temp-allocator-size-background-worker=32768"
    "memorysetup-temp-allocator-size-job-worker=262144"
    "memorysetup-temp-allocator-size-preload-manager=33554432"
    "memorysetup-temp-allocator-size-nav-mesh-worker=65536"
    "memorysetup-temp-allocator-size-audio-worker=65536"
    "memorysetup-temp-allocator-size-cloud-worker=32768"
    "memorysetup-temp-allocator-size-gi-baking-worker=262144"
    "memorysetup-temp-allocator-size-gfx=262144"
Refreshing native plugins compatible for Editor in 147.16 ms, found 5 plugins.
Preloading 0 native plugins for Editor in 0.00 ms.
Initialize engine version: 2022.1.18f1 (8a091f9adba4)
[Subsystems] Discovering subsystems at path C:/Program Files/Unity/Hub/Editor/2022.1.18f1/Editor/Data/Resources/UnitySubsystems
[Subsystems] Discovering subsystems at path C:/Users/zheni/Avanture/eBAIII/Assets
GfxDevice: creating device client; threaded=0; jobified=0
Direct3D:
    Version:  Direct3D 11.0 [level 11.1]
    Renderer: AMD Radeon(TM) Graphics (ID=0x164c)
    Vendor:   ATI
    VRAM:     7861 MB
    Driver:   27.20.14016.13
Initialize mono
Mono path[0] = 'C:/Program Files/Unity/Hub/Editor/2022.1.18f1/Editor/Data/Managed'
Mono path[1] = 'C:/Program Files/Unity/Hub/Editor/2022.1.18f1/Editor/Data/MonoBleedingEdge/lib/mono/unityjit-win32'
Mono config path = 'C:/Program Files/Unity/Hub/Editor/2022.1.18f1/Editor/Data/MonoBleedingEdge/etc'
Using monoOptions --debugger-agent=transport=dt_socket,embedding=1,server=y,suspend=n,address=127.0.0.1:56296
Begin MonoManager ReloadAssembly
Registering precompiled unity dll's ...
Register platform support module: C:/Program Files/Unity/Hub/Editor/2022.1.18f1/Editor/Data/PlaybackEngines/WebGLSupport/UnityEditor.WebGL.Extensions.dll
Register platform support module: C:/Program Files/Unity/Hub/Editor/2022.1.18f1/Editor/Data/PlaybackEngines/AndroidPlayer/UnityEditor.Android.Extensions.dll
Register platform support module: C:/Program Files/Unity/Hub/Editor/2022.1.18f1/Editor/Data/PlaybackEngines/WindowsStandaloneSupport/UnityEditor.WindowsStandalone.Extensions.dll
Registered in 0.010379 seconds.
Native extension for WindowsStandalone target not found
Native extension for Android target not found
Native extension for WebGL target not found
Refreshing native plugins compatible for Editor in 122.93 ms, found 5 plugins.
Preloading 0 native plugins for Editor in 0.00 ms.
Mono: successfully reloaded assembly
- Completed reload, in  1.008 seconds
Domain Reload Profiling:
	ReloadAssembly (1009ms)
		BeginReloadAssembly (143ms)
			ExecutionOrderSort (0ms)
			DisableScriptedObjects (0ms)
			BackupInstance (0ms)
			ReleaseScriptingObjects (0ms)
			CreateAndSetChildDomain (1ms)
		EndReloadAssembly (703ms)
			LoadAssemblies (139ms)
			RebuildTransferFunctionScriptingTraits (0ms)
			SetupTypeCache (163ms)
				TypeCache.Initialize (162ms)
					TypeCache.ScanAssembly (159ms)
				ResolveRequiredComponents (1ms)
			ReleaseScriptCaches (0ms)
			RebuildScriptCaches (38ms)
			SetupLoadedEditorAssemblies (431ms)
				LogAssemblyErrors (0ms)
				InitializePlatformSupportModulesInManaged (84ms)
				SetLoadedEditorAssemblies (12ms)
				RefreshPlugins (123ms)
				BeforeProcessingInitializeOnLoad (2ms)
				ProcessInitializeOnLoadAttributes (148ms)
				ProcessInitializeOnLoadMethodAttributes (62ms)
				AfterProcessingInitializeOnLoad (0ms)
				EditorAssembliesLoaded (0ms)
			ExecutionOrderSort2 (0ms)
			AwakeInstancesAfterBackupRestoration (0ms)
Platform modules already initialized, skipping
Registering precompiled user dll's ...
Registered in 0.008843 seconds.
Begin MonoManager ReloadAssembly
Symbol file LoadedFromMemory doesn't match image C:\Users\zheni\Avanture\eBAIII\Library\PackageCache\com.unity.visualscripting@1.7.8\Editor\VisualScripting.Core\Dependencies\YamlDotNet\Unity.VisualScripting.YamlDotNet.dll
Symbol file LoadedFromMemory doesn't match image C:\Users\zheni\Avanture\eBAIII\Library\PackageCache\com.unity.visualscripting@1.7.8\Editor\VisualScripting.Core\Dependencies\DotNetZip\Unity.VisualScripting.IonicZip.dll
Native extension for WindowsStandalone target not found
Native extension for Android target not found
Native extension for WebGL target not found
Refreshing native plugins compatible for Editor in 1.19 ms, found 5 plugins.
Preloading 0 native plugins for Editor in 0.00 ms.
Mono: successfully reloaded assembly
- Completed reload, in  1.744 seconds
Domain Reload Profiling:
	ReloadAssembly (1745ms)
		BeginReloadAssembly (278ms)
			ExecutionOrderSort (0ms)
			DisableScriptedObjects (7ms)
			BackupInstance (0ms)
			ReleaseScriptingObjects (0ms)
			CreateAndSetChildDomain (146ms)
		EndReloadAssembly (1298ms)
			LoadAssemblies (116ms)
			RebuildTransferFunctionScriptingTraits (0ms)
			SetupTypeCache (445ms)
				TypeCache.Initialize (439ms)
					TypeCache.ScanAssembly (432ms)
				ResolveRequiredComponents (6ms)
			ReleaseScriptCaches (1ms)
			RebuildScriptCaches (84ms)
			SetupLoadedEditorAssemblies (581ms)
				LogAssemblyErrors (0ms)
				InitializePlatformSupportModulesInManaged (24ms)
				SetLoadedEditorAssemblies (9ms)
				RefreshPlugins (1ms)
				BeforeProcessingInitializeOnLoad (122ms)
				ProcessInitializeOnLoadAttributes (378ms)
				ProcessInitializeOnLoadMethodAttributes (37ms)
				AfterProcessingInitializeOnLoad (10ms)
				EditorAssembliesLoaded (0ms)
			ExecutionOrderSort2 (0ms)
			AwakeInstancesAfterBackupRestoration (6ms)
Platform modules already initialized, skipping
========================================================================
Worker process is ready to serve import requests
Launched and connected shader compiler UnityShaderCompiler.exe after 0.07 seconds
Refreshing native plugins compatible for Editor in 1.02 ms, found 5 plugins.
Preloading 0 native plugins for Editor in 0.00 ms.
Unloading 3813 Unused Serialized files (Serialized files now loaded: 0)
Unloading 41 unused Assets / (193.9 KB). Loaded Objects now: 4263.
Memory consumption went from 0.58 GB to 0.58 GB.
Total: 4.375700 ms (FindLiveObjects: 0.432600 ms CreateObjectMapping: 0.129800 ms MarkObjects: 3.688800 ms  DeleteObjects: 0.122900 ms)

AssetImportParameters requested are different than current active one (requested -> active):
  custom:video-decoder-ogg-theora: a1e56fd34408186e4bbccfd4996cb3dc -> 
  custom:container-muxer-webm: aa71ff27fc2769a1b78a27578f13a17b -> 
  custom:container-demuxer-webm: 4f35f7cbe854078d1ac9338744f61a02 -> 
  custom:video-encoder-webm-vp8: eb34c28f22e8b96e1ab97ce403110664 -> 
  custom:audio-encoder-webm-vorbis: bf7c407c2cedff20999df2af8eb42d56 -> 
  custom:framework-win-MediaFoundation: 216162199b28c13a410421893ffa2e32 -> 
  custom:container-demuxer-ogg: 62fdf1f143b41e24485cea50d1cbac27 -> 
  custom:video-decoder-webm-vp8: 9c59270c3fd7afecdb556c50c9e8de78 -> 
  custom:audio-decoder-ogg-vorbis: bf7c407c2cedff20999df2af8eb42d56 -> 
========================================================================
Received Import Request.
  Time since last request: 89339.179764 seconds.
  path: Assets/Bullet Master/Plugins/Vibration.cs
  artifactKey: Guid(8e34aa99c5295574f97733e722591827) Importer(815301076,1909f56bfc062723c751e8b465ee728b)
Start importing Assets/Bullet Master/Plugins/Vibration.cs using Guid(8e34aa99c5295574f97733e722591827) Importer(815301076,1909f56bfc062723c751e8b465ee728b)  -> (artifact id: '605cf855f6ed2a0462648b3522b40388') in 0.027912 seconds 
========================================================================
Received Prepare
Registering precompiled user dll's ...
Registered in 0.009947 seconds.
Begin MonoManager ReloadAssembly
Symbol file LoadedFromMemory doesn't match image C:\Users\zheni\Avanture\eBAIII\Library\PackageCache\com.unity.visualscripting@1.7.8\Editor\VisualScripting.Core\Dependencies\YamlDotNet\Unity.VisualScripting.YamlDotNet.dll
Symbol file LoadedFromMemory doesn't match image C:\Users\zheni\Avanture\eBAIII\Library\PackageCache\com.unity.visualscripting@1.7.8\Editor\VisualScripting.Core\Dependencies\DotNetZip\Unity.VisualScripting.IonicZip.dll
Native extension for WindowsStandalone target not found
Native extension for Android target not found
Native extension for WebGL target not found
Refreshing native plugins compatible for Editor in 1.28 ms, found 5 plugins.
Preloading 0 native plugins for Editor in 0.00 ms.
Mono: successfully reloaded assembly
- Completed reload, in  1.546 seconds
Domain Reload Profiling:
	ReloadAssembly (1546ms)
		BeginReloadAssembly (195ms)
			ExecutionOrderSort (0ms)
			DisableScriptedObjects (6ms)
			BackupInstance (0ms)
			ReleaseScriptingObjects (0ms)
			CreateAndSetChildDomain (61ms)
		EndReloadAssembly (1193ms)
			LoadAssemblies (121ms)
			RebuildTransferFunctionScriptingTraits (0ms)
			SetupTypeCache (450ms)
				TypeCache.Initialize (444ms)
					TypeCache.ScanAssembly (435ms)
				ResolveRequiredComponents (6ms)
			ReleaseScriptCaches (2ms)
			RebuildScriptCaches (62ms)
			SetupLoadedEditorAssemblies (490ms)
				LogAssemblyErrors (0ms)
				InitializePlatformSupportModulesInManaged (35ms)
				SetLoadedEditorAssemblies (9ms)
				RefreshPlugins (1ms)
				BeforeProcessingInitializeOnLoad (102ms)
				ProcessInitializeOnLoadAttributes (295ms)
				ProcessInitializeOnLoadMethodAttributes (36ms)
				AfterProcessingInitializeOnLoad (11ms)
				EditorAssembliesLoaded (0ms)
			ExecutionOrderSort2 (0ms)
			AwakeInstancesAfterBackupRestoration (9ms)
Platform modules already initialized, skipping
Refreshing native plugins compatible for Editor in 3.06 ms, found 5 plugins.
Preloading 0 native plugins for Editor in 0.00 ms.
Unloading 3759 Unused Serialized files (Serialized files now loaded: 0)
Unloading 35 unused Assets / (186.0 KB). Loaded Objects now: 4266.
Memory consumption went from 0.57 GB to 0.57 GB.
Total: 6.320600 ms (FindLiveObjects: 0.495900 ms CreateObjectMapping: 0.383600 ms MarkObjects: 5.321500 ms  DeleteObjects: 0.117300 ms)

AssetImportParameters requested are different than current active one (requested -> active):
  custom:video-decoder-ogg-theora: a1e56fd34408186e4bbccfd4996cb3dc -> 
  custom:container-muxer-webm: aa71ff27fc2769a1b78a27578f13a17b -> 
  custom:container-demuxer-webm: 4f35f7cbe854078d1ac9338744f61a02 -> 
  custom:video-encoder-webm-vp8: eb34c28f22e8b96e1ab97ce403110664 -> 
  custom:audio-encoder-webm-vorbis: bf7c407c2cedff20999df2af8eb42d56 -> 
  custom:framework-win-MediaFoundation: 216162199b28c13a410421893ffa2e32 -> 
  custom:container-demuxer-ogg: 62fdf1f143b41e24485cea50d1cbac27 -> 
  custom:video-decoder-webm-vp8: 9c59270c3fd7afecdb556c50c9e8de78 -> 
  custom:audio-decoder-ogg-vorbis: bf7c407c2cedff20999df2af8eb42d56 -> 
========================================================================
Received Prepare
Registering precompiled user dll's ...
Registered in 0.008575 seconds.
Begin MonoManager ReloadAssembly
Symbol file LoadedFromMemory doesn't match image C:\Users\zheni\Avanture\eBAIII\Library\PackageCache\com.unity.visualscripting@1.7.8\Editor\VisualScripting.Core\Dependencies\YamlDotNet\Unity.VisualScripting.YamlDotNet.dll
Symbol file LoadedFromMemory doesn't match image C:\Users\zheni\Avanture\eBAIII\Library\PackageCache\com.unity.visualscripting@1.7.8\Editor\VisualScripting.Core\Dependencies\DotNetZip\Unity.VisualScripting.IonicZip.dll
Native extension for WindowsStandalone target not found
Native extension for Android target not found
Native extension for WebGL target not found
Refreshing native plugins compatible for Editor in 0.97 ms, found 5 plugins.
Preloading 0 native plugins for Editor in 0.00 ms.
Mono: successfully reloaded assembly
- Completed reload, in  1.468 seconds
Domain Reload Profiling:
	ReloadAssembly (1469ms)
		BeginReloadAssembly (209ms)
			ExecutionOrderSort (0ms)
			DisableScriptedObjects (6ms)
			BackupInstance (0ms)
			ReleaseScriptingObjects (0ms)
			CreateAndSetChildDomain (64ms)
		EndReloadAssembly (1114ms)
			LoadAssemblies (134ms)
			RebuildTransferFunctionScriptingTraits (0ms)
			SetupTypeCache (387ms)
				TypeCache.Initialize (380ms)
					TypeCache.ScanAssembly (372ms)
				ResolveRequiredComponents (7ms)
			ReleaseScriptCaches (2ms)
			RebuildScriptCaches (59ms)
			SetupLoadedEditorAssemblies (482ms)
				LogAssemblyErrors (0ms)
				InitializePlatformSupportModulesInManaged (31ms)
				SetLoadedEditorAssemblies (7ms)
				RefreshPlugins (1ms)
				BeforeProcessingInitializeOnLoad (98ms)
				ProcessInitializeOnLoadAttributes (293ms)
				ProcessInitializeOnLoadMethodAttributes (42ms)
				AfterProcessingInitializeOnLoad (11ms)
				EditorAssembliesLoaded (0ms)
			ExecutionOrderSort2 (0ms)
			AwakeInstancesAfterBackupRestoration (9ms)
Platform modules already initialized, skipping
Refreshing native plugins compatible for Editor in 3.80 ms, found 5 plugins.
Preloading 0 native plugins for Editor in 0.00 ms.
Unloading 3760 Unused Serialized files (Serialized files now loaded: 0)
Unloading 35 unused Assets / (193.2 KB). Loaded Objects now: 4269.
Memory consumption went from 0.57 GB to 0.57 GB.
Total: 3.676400 ms (FindLiveObjects: 0.364600 ms CreateObjectMapping: 0.172500 ms MarkObjects: 3.052200 ms  DeleteObjects: 0.085500 ms)

AssetImportParameters requested are different than current active one (requested -> active):
  custom:video-decoder-ogg-theora: a1e56fd34408186e4bbccfd4996cb3dc -> 
  custom:container-muxer-webm: aa71ff27fc2769a1b78a27578f13a17b -> 
  custom:container-demuxer-webm: 4f35f7cbe854078d1ac9338744f61a02 -> 
  custom:video-encoder-webm-vp8: eb34c28f22e8b96e1ab97ce403110664 -> 
  custom:audio-encoder-webm-vorbis: bf7c407c2cedff20999df2af8eb42d56 -> 
  custom:framework-win-MediaFoundation: 216162199b28c13a410421893ffa2e32 -> 
  custom:container-demuxer-ogg: 62fdf1f143b41e24485cea50d1cbac27 -> 
  custom:video-decoder-webm-vp8: 9c59270c3fd7afecdb556c50c9e8de78 -> 
  custom:audio-decoder-ogg-vorbis: bf7c407c2cedff20999df2af8eb42d56 -> 
========================================================================
Received Prepare
Registering precompiled user dll's ...
Registered in 0.008798 seconds.
Begin MonoManager ReloadAssembly
Symbol file LoadedFromMemory doesn't match image C:\Users\zheni\Avanture\eBAIII\Library\PackageCache\com.unity.visualscripting@1.7.8\Editor\VisualScripting.Core\Dependencies\YamlDotNet\Unity.VisualScripting.YamlDotNet.dll
Symbol file LoadedFromMemory doesn't match image C:\Users\zheni\Avanture\eBAIII\Library\PackageCache\com.unity.visualscripting@1.7.8\Editor\VisualScripting.Core\Dependencies\DotNetZip\Unity.VisualScripting.IonicZip.dll
Native extension for WindowsStandalone target not found
Native extension for Android target not found
Native extension for WebGL target not found
Refreshing native plugins compatible for Editor in 1.07 ms, found 5 plugins.
Preloading 0 native plugins for Editor in 0.00 ms.
Mono: successfully reloaded assembly
- Completed reload, in  1.498 seconds
Domain Reload Profiling:
	ReloadAssembly (1500ms)
		BeginReloadAssembly (176ms)
			ExecutionOrderSort (0ms)
			DisableScriptedObjects (6ms)
			BackupInstance (0ms)
			ReleaseScriptingObjects (0ms)
			CreateAndSetChildDomain (53ms)
		EndReloadAssembly (1186ms)
			LoadAssemblies (121ms)
			RebuildTransferFunctionScriptingTraits (0ms)
			SetupTypeCache (473ms)
				TypeCache.Initialize (465ms)
					TypeCache.ScanAssembly (454ms)
				ResolveRequiredComponents (8ms)
			ReleaseScriptCaches (2ms)
			RebuildScriptCaches (78ms)
			SetupLoadedEditorAssemblies (438ms)
				LogAssemblyErrors (0ms)
				InitializePlatformSupportModulesInManaged (29ms)
				SetLoadedEditorAssemblies (8ms)
				RefreshPlugins (1ms)
				BeforeProcessingInitializeOnLoad (86ms)
				ProcessInitializeOnLoadAttributes (267ms)
				ProcessInitializeOnLoadMethodAttributes (37ms)
				AfterProcessingInitializeOnLoad (9ms)
				EditorAssembliesLoaded (0ms)
			ExecutionOrderSort2 (0ms)
			AwakeInstancesAfterBackupRestoration (8ms)
Platform modules already initialized, skipping
Refreshing native plugins compatible for Editor in 2.88 ms, found 5 plugins.
Preloading 0 native plugins for Editor in 0.00 ms.
Unloading 3760 Unused Serialized files (Serialized files now loaded: 0)
Unloading 35 unused Assets / (193.1 KB). Loaded Objects now: 4272.
Memory consumption went from 0.57 GB to 0.57 GB.
Total: 3.333900 ms (FindLiveObjects: 0.344100 ms CreateObjectMapping: 0.116500 ms MarkObjects: 2.779800 ms  DeleteObjects: 0.091800 ms)

AssetImportParameters requested are different than current active one (requested -> active):
  custom:video-decoder-ogg-theora: a1e56fd34408186e4bbccfd4996cb3dc -> 
  custom:container-muxer-webm: aa71ff27fc2769a1b78a27578f13a17b -> 
  custom:container-demuxer-webm: 4f35f7cbe854078d1ac9338744f61a02 -> 
  custom:video-encoder-webm-vp8: eb34c28f22e8b96e1ab97ce403110664 -> 
  custom:audio-encoder-webm-vorbis: bf7c407c2cedff20999df2af8eb42d56 -> 
  custom:framework-win-MediaFoundation: 216162199b28c13a410421893ffa2e32 -> 
  custom:container-demuxer-ogg: 62fdf1f143b41e24485cea50d1cbac27 -> 
  custom:video-decoder-webm-vp8: 9c59270c3fd7afecdb556c50c9e8de78 -> 
  custom:audio-decoder-ogg-vorbis: bf7c407c2cedff20999df2af8eb42d56 -> 
========================================================================
Received Prepare
Registering precompiled user dll's ...
Registered in 0.008393 seconds.
Begin MonoManager ReloadAssembly
Symbol file LoadedFromMemory doesn't match image C:\Users\zheni\Avanture\eBAIII\Library\PackageCache\com.unity.visualscripting@1.7.8\Editor\VisualScripting.Core\Dependencies\YamlDotNet\Unity.VisualScripting.YamlDotNet.dll
Symbol file LoadedFromMemory doesn't match image C:\Users\zheni\Avanture\eBAIII\Library\PackageCache\com.unity.visualscripting@1.7.8\Editor\VisualScripting.Core\Dependencies\DotNetZip\Unity.VisualScripting.IonicZip.dll
Native extension for WindowsStandalone target not found
Native extension for Android target not found
Native extension for WebGL target not found
Refreshing native plugins compatible for Editor in 3.09 ms, found 5 plugins.
Preloading 0 native plugins for Editor in 0.00 ms.
Mono: successfully reloaded assembly
- Completed reload, in  1.758 seconds
Domain Reload Profiling:
	ReloadAssembly (1759ms)
		BeginReloadAssembly (174ms)
			ExecutionOrderSort (0ms)
			DisableScriptedObjects (7ms)
			BackupInstance (0ms)
			ReleaseScriptingObjects (0ms)
			CreateAndSetChildDomain (52ms)
		EndReloadAssembly (1453ms)
			LoadAssemblies (119ms)
			RebuildTransferFunctionScriptingTraits (0ms)
			SetupTypeCache (415ms)
				TypeCache.Initialize (406ms)
					TypeCache.ScanAssembly (388ms)
				ResolveRequiredComponents (8ms)
			ReleaseScriptCaches (4ms)
			RebuildScriptCaches (83ms)
			SetupLoadedEditorAssemblies (684ms)
				LogAssemblyErrors (0ms)
				InitializePlatformSupportModulesInManaged (45ms)
				SetLoadedEditorAssemblies (12ms)
				RefreshPlugins (3ms)
				BeforeProcessingInitializeOnLoad (132ms)
				ProcessInitializeOnLoadAttributes (414ms)
				ProcessInitializeOnLoadMethodAttributes (61ms)
				AfterProcessingInitializeOnLoad (15ms)
				EditorAssembliesLoaded (0ms)
			ExecutionOrderSort2 (0ms)
			AwakeInstancesAfterBackupRestoration (17ms)
Platform modules already initialized, skipping
Refreshing native plugins compatible for Editor in 6.58 ms, found 5 plugins.
Preloading 0 native plugins for Editor in 0.00 ms.
Unloading 3760 Unused Serialized files (Serialized files now loaded: 0)
Unloading 35 unused Assets / (193.2 KB). Loaded Objects now: 4275.
Memory consumption went from 0.57 GB to 0.57 GB.
Total: 8.875700 ms (FindLiveObjects: 1.205400 ms CreateObjectMapping: 0.193500 ms MarkObjects: 7.348700 ms  DeleteObjects: 0.124600 ms)

AssetImportParameters requested are different than current active one (requested -> active):
  custom:video-decoder-ogg-theora: a1e56fd34408186e4bbccfd4996cb3dc -> 
  custom:container-muxer-webm: aa71ff27fc2769a1b78a27578f13a17b -> 
  custom:container-demuxer-webm: 4f35f7cbe854078d1ac9338744f61a02 -> 
  custom:video-encoder-webm-vp8: eb34c28f22e8b96e1ab97ce403110664 -> 
  custom:audio-encoder-webm-vorbis: bf7c407c2cedff20999df2af8eb42d56 -> 
  custom:framework-win-MediaFoundation: 216162199b28c13a410421893ffa2e32 -> 
  custom:container-demuxer-ogg: 62fdf1f143b41e24485cea50d1cbac27 -> 
  custom:video-decoder-webm-vp8: 9c59270c3fd7afecdb556c50c9e8de78 -> 
  custom:audio-decoder-ogg-vorbis: bf7c407c2cedff20999df2af8eb42d56 -> 
========================================================================
Received Import Request.
  Time since last request: 295.041786 seconds.
  path: Assets/Bullet Master/Plugins
  artifactKey: Guid(4c40da4fc10ce3943a8b3986d6ba7197) Importer(815301076,1909f56bfc062723c751e8b465ee728b)
Start importing Assets/Bullet Master/Plugins using Guid(4c40da4fc10ce3943a8b3986d6ba7197) Importer(815301076,1909f56bfc062723c751e8b465ee728b)  -> (artifact id: '74331425a97affb46d78064bc72de310') in 0.011133 seconds 
========================================================================
Received Import Request.
  Time since last request: 6.335458 seconds.
  path: Assets/Bullet Master/ICO
  artifactKey: Guid(c4d1cb6b19fe3f346b98bcc87b4385ee) Importer(815301076,1909f56bfc062723c751e8b465ee728b)
Start importing Assets/Bullet Master/ICO using Guid(c4d1cb6b19fe3f346b98bcc87b4385ee) Importer(815301076,1909f56bfc062723c751e8b465ee728b)  -> (artifact id: '651411d2e80fa0fe30fc1ab7d89ea9ee') in 0.007561 seconds 
========================================================================
Received Import Request.
  Time since last request: 10.833485 seconds.
  path: Assets/Bullet Master/ICO/Petro-Poroshenko-1024x576.ico
  artifactKey: Guid(6787857a2ea34704bb6613e982b912e1) Importer(815301076,1909f56bfc062723c751e8b465ee728b)
Start importing Assets/Bullet Master/ICO/Petro-Poroshenko-1024x576.ico using Guid(6787857a2ea34704bb6613e982b912e1) Importer(815301076,1909f56bfc062723c751e8b465ee728b)  -> (artifact id: '19a3aebef3aba855c2507fd1fab60c11') in 0.024450 seconds 
========================================================================
Received Import Request.
  Time since last request: 14.187514 seconds.
  path: Assets/Bullet Master/Sprites/Ui/Buttons/Accept.png
  artifactKey: Guid(b89b552cd6b68f842a6d52fcc5d74119) Importer(815301076,1909f56bfc062723c751e8b465ee728b)
Start importing Assets/Bullet Master/Sprites/Ui/Buttons/Accept.png using Guid(b89b552cd6b68f842a6d52fcc5d74119) Importer(815301076,1909f56bfc062723c751e8b465ee728b)  -> (artifact id: '571d4692fb98b89902319ad2048c281d') in 0.167590 seconds 
========================================================================
Received Import Request.
  Time since last request: 0.000044 seconds.
  path: Assets/Bullet Master/Sprites/Environment/Cloud/cloud16.png
  artifactKey: Guid(a202e69ddeeb434419150b80d9b4a978) Importer(815301076,1909f56bfc062723c751e8b465ee728b)
Start importing Assets/Bullet Master/Sprites/Environment/Cloud/cloud16.png using Guid(a202e69ddeeb434419150b80d9b4a978) Importer(815301076,1909f56bfc062723c751e8b465ee728b)  -> (artifact id: '768cbbb63824125ec9af33678d2cbe67') in 0.095228 seconds 
========================================================================
Received Import Request.
  Time since last request: 0.000069 seconds.
  path: Assets/Bullet Master/Sprites/Environment/Cloud/cloud8.png
  artifactKey: Guid(bd5f8141d5b95df40a113cf3a010e44a) Importer(815301076,1909f56bfc062723c751e8b465ee728b)
Start importing Assets/Bullet Master/Sprites/Environment/Cloud/cloud8.png using Guid(bd5f8141d5b95df40a113cf3a010e44a) Importer(815301076,1909f56bfc062723c751e8b465ee728b)  -> (artifact id: '8216099d683e2271ba37860468510b87') in 0.039059 seconds 
========================================================================
Received Import Request.
  Time since last request: 0.000033 seconds.
  path: Assets/Bullet Master/Sprites/Environment/Decorations/Cloud_1.png
  artifactKey: Guid(1dc766e696a7519488c9d9870342d4b4) Importer(815301076,1909f56bfc062723c751e8b465ee728b)
Start importing Assets/Bullet Master/Sprites/Environment/Decorations/Cloud_1.png using Guid(1dc766e696a7519488c9d9870342d4b4) Importer(815301076,1909f56bfc062723c751e8b465ee728b)  -> (artifact id: '4c83b5dddcb88664cf9554c4b3b8a872') in 0.041062 seconds 
========================================================================
Received Import Request.
  Time since last request: 0.000033 seconds.
  path: Assets/TextMesh Pro/Examples & Extras/Textures/Brushed Metal 3.jpg
  artifactKey: Guid(f88677df267a41d6be1e7a6133e7d227) Importer(815301076,1909f56bfc062723c751e8b465ee728b)
Start importing Assets/TextMesh Pro/Examples & Extras/Textures/Brushed Metal 3.jpg using Guid(f88677df267a41d6be1e7a6133e7d227) Importer(815301076,1909f56bfc062723c751e8b465ee728b)  -> (artifact id: '01610cfa342b91d177241e2730eb2f1c') in 0.029277 seconds 
========================================================================
Received Import Request.
  Time since last request: 0.000036 seconds.
  path: Assets/Bullet Master/Sprites/Ui/Cartridges/Cartridge.png
  artifactKey: Guid(a8f0ad87515dc174a88dcd2030c51ca9) Importer(815301076,1909f56bfc062723c751e8b465ee728b)
Start importing Assets/Bullet Master/Sprites/Ui/Cartridges/Cartridge.png using Guid(a8f0ad87515dc174a88dcd2030c51ca9) Importer(815301076,1909f56bfc062723c751e8b465ee728b)  -> (artifact id: '7301a3ffa0d994563364280d93a86b15') in 0.031848 seconds 
========================================================================
Received Import Request.
  Time since last request: 0.000047 seconds.
  path: Assets/Bullet Master/Sprites/Environment/Cloud/cloud9.png
  artifactKey: Guid(eed45fcb496b18d49b70554ba6d65616) Importer(815301076,1909f56bfc062723c751e8b465ee728b)
Start importing Assets/Bullet Master/Sprites/Environment/Cloud/cloud9.png using Guid(eed45fcb496b18d49b70554ba6d65616) Importer(815301076,1909f56bfc062723c751e8b465ee728b)  -> (artifact id: '0f444ffd4b5a79a88955599104d6e45c') in 0.047789 seconds 
========================================================================
Received Import Request.
  Time since last request: 0.000070 seconds.
  path: Assets/Bullet Master/Sprites/Environment/Cloud/cloud10.png
  artifactKey: Guid(909c7617044a9304cafbc4e61b2c0c92) Importer(815301076,1909f56bfc062723c751e8b465ee728b)
Start importing Assets/Bullet Master/Sprites/Environment/Cloud/cloud10.png using Guid(909c7617044a9304cafbc4e61b2c0c92) Importer(815301076,1909f56bfc062723c751e8b465ee728b)  -> (artifact id: '26523e50e6a18abb3b9cd0cdf3902e81') in 0.036773 seconds 
========================================================================
Received Import Request.
  Time since last request: 0.000049 seconds.
  path: Assets/Bullet Master/Sprites/Environment/Cloud/cloud19.png
  artifactKey: Guid(0bef4bc1890a585439d5606f5f77e44e) Importer(815301076,1909f56bfc062723c751e8b465ee728b)
Start importing Assets/Bullet Master/Sprites/Environment/Cloud/cloud19.png using Guid(0bef4bc1890a585439d5606f5f77e44e) Importer(815301076,1909f56bfc062723c751e8b465ee728b)  -> (artifact id: '6a17ff8976061e04c589a0b66259a20b') in 0.040710 seconds 
========================================================================
Received Import Request.
  Time since last request: 0.000041 seconds.
  path: Assets/Bullet Master/Sprites/Environment/Cloud/cloud11.png
  artifactKey: Guid(65cefeecdefd1554eba16f6897b448cf) Importer(815301076,1909f56bfc062723c751e8b465ee728b)
Start importing Assets/Bullet Master/Sprites/Environment/Cloud/cloud11.png using Guid(65cefeecdefd1554eba16f6897b448cf) Importer(815301076,1909f56bfc062723c751e8b465ee728b)  -> (artifact id: 'a8de8dff8259aa7b10e9095d4cd0ffc9') in 0.036438 seconds 
========================================================================
Received Import Request.
  Time since last request: 0.000071 seconds.
  path: Assets/Bullet Master/Sprites/Environment/Background/fg.png
  artifactKey: Guid(bf830a2c472b7be498bf9ad0640938dd) Importer(815301076,1909f56bfc062723c751e8b465ee728b)
Start importing Assets/Bullet Master/Sprites/Environment/Background/fg.png using Guid(bf830a2c472b7be498bf9ad0640938dd) Importer(815301076,1909f56bfc062723c751e8b465ee728b)  -> (artifact id: 'c360ec4afe21967cfe0cf2004cbb713f') in 0.162857 seconds 
========================================================================
Received Import Request.
  Time since last request: 0.000057 seconds.
  path: Assets/Bullet Master/Sprites/Environment/Weapon/Bullet.png
  artifactKey: Guid(32c727f5b27e9ce47b5159d10a3161d4) Importer(815301076,1909f56bfc062723c751e8b465ee728b)
Start importing Assets/Bullet Master/Sprites/Environment/Weapon/Bullet.png using Guid(32c727f5b27e9ce47b5159d10a3161d4) Importer(815301076,1909f56bfc062723c751e8b465ee728b)  -> (artifact id: '0cd5221bf480201a01da4719ae1cb05e') in 0.034478 seconds 
========================================================================
Received Import Request.
  Time since last request: 0.000147 seconds.
  path: Assets/Bullet Master/Sprites/Environment/Decorations/Bridge_1.png
  artifactKey: Guid(5441baec23855f84a96202b13958070a) Importer(815301076,1909f56bfc062723c751e8b465ee728b)
Start importing Assets/Bullet Master/Sprites/Environment/Decorations/Bridge_1.png using Guid(5441baec23855f84a96202b13958070a) Importer(815301076,1909f56bfc062723c751e8b465ee728b)  -> (artifact id: '694d37b4bb9948eea704af4ea181e439') in 0.030316 seconds 
========================================================================
Received Import Request.
  Time since last request: 0.000037 seconds.
  path: Assets/TextMesh Pro/Examples & Extras/Textures/Floor Tiles 1 - diffuse.jpg
  artifactKey: Guid(85ac55597b97403c82fc6601a93cf241) Importer(815301076,1909f56bfc062723c751e8b465ee728b)
Start importing Assets/TextMesh Pro/Examples & Extras/Textures/Floor Tiles 1 - diffuse.jpg using Guid(85ac55597b97403c82fc6601a93cf241) Importer(815301076,1909f56bfc062723c751e8b465ee728b)  -> (artifact id: '628ffcb138830430917cc102c97e923c') in 0.024984 seconds 
========================================================================
Received Import Request.
  Time since last request: 0.000033 seconds.
  path: Assets/Bullet Master/Sprites/Environment/Cloud/cloud18.png
  artifactKey: Guid(e221e1757ca079145aa0ff45e4cec768) Importer(815301076,1909f56bfc062723c751e8b465ee728b)
Start importing Assets/Bullet Master/Sprites/Environment/Cloud/cloud18.png using Guid(e221e1757ca079145aa0ff45e4cec768) Importer(815301076,1909f56bfc062723c751e8b465ee728b)  -> (artifact id: '1fad485e558d40a797651d4a99fbb9f1') in 0.042277 seconds 
========================================================================
Received Import Request.
  Time since last request: 0.000039 seconds.
  path: Assets/Bullet Master/Sprites/Ui/Buttons/Close.png
  artifactKey: Guid(29817b6533df15740be754c834203e9d) Importer(815301076,1909f56bfc062723c751e8b465ee728b)
Start importing Assets/Bullet Master/Sprites/Ui/Buttons/Close.png using Guid(29817b6533df15740be754c834203e9d) Importer(815301076,1909f56bfc062723c751e8b465ee728b)  -> (artifact id: '1e94b90644b32f8788d7010fb254e975') in 0.047436 seconds 
========================================================================
Received Import Request.
  Time since last request: 0.000056 seconds.
  path: Assets/TextMesh Pro/Examples & Extras/Fonts/Anton.ttf
  artifactKey: Guid(997a43b767814dd0a7642ec9b78cba41) Importer(815301076,1909f56bfc062723c751e8b465ee728b)
Start importing Assets/TextMesh Pro/Examples & Extras/Fonts/Anton.ttf using Guid(997a43b767814dd0a7642ec9b78cba41) Importer(815301076,1909f56bfc062723c751e8b465ee728b)  -> (artifact id: '2435fee1d93f9de3bc32e22cd5b0cbc2') in 0.117462 seconds 
========================================================================
Received Import Request.
  Time since last request: 0.000040 seconds.
  path: Assets/Bullet Master/Sprites/Environment/Buildings/build1.png
  artifactKey: Guid(e14551c756532f9499db7962e0fcbfeb) Importer(815301076,1909f56bfc062723c751e8b465ee728b)
Start importing Assets/Bullet Master/Sprites/Environment/Buildings/build1.png using Guid(e14551c756532f9499db7962e0fcbfeb) Importer(815301076,1909f56bfc062723c751e8b465ee728b)  -> (artifact id: '049acc252400c6a8a1197a01a4d94cdb') in 0.200017 seconds 
========================================================================
Received Import Request.
  Time since last request: 0.000054 seconds.
  path: Assets/TextMesh Pro/Examples & Extras/Textures/Small Crate_diffuse.jpg
  artifactKey: Guid(602cb87b6a29443b8636370ea0751574) Importer(815301076,1909f56bfc062723c751e8b465ee728b)
Start importing Assets/TextMesh Pro/Examples & Extras/Textures/Small Crate_diffuse.jpg using Guid(602cb87b6a29443b8636370ea0751574) Importer(815301076,1909f56bfc062723c751e8b465ee728b)  -> (artifact id: '0f2e9af050016651c84a07938d570ec0') in 0.025141 seconds 
========================================================================
Received Import Request.
  Time since last request: 0.000030 seconds.
  path: Assets/TextMesh Pro/Examples & Extras/Fonts/Roboto-Bold.ttf
  artifactKey: Guid(4beb055f07aaff244873dec698d0363e) Importer(815301076,1909f56bfc062723c751e8b465ee728b)
Start importing Assets/TextMesh Pro/Examples & Extras/Fonts/Roboto-Bold.ttf using Guid(4beb055f07aaff244873dec698d0363e) Importer(815301076,1909f56bfc062723c751e8b465ee728b)  -> (artifact id: '97af407667d8e1bb4d4ce926ac9ee828') in 0.031714 seconds 
========================================================================
Received Import Request.
  Time since last request: 0.000037 seconds.
  path: Assets/Bullet Master/Sprites/Alliance/Killeba.png
  artifactKey: Guid(8c9f2dfad6593cf41a9e8c9611244457) Importer(815301076,1909f56bfc062723c751e8b465ee728b)
Start importing Assets/Bullet Master/Sprites/Alliance/Killeba.png using Guid(8c9f2dfad6593cf41a9e8c9611244457) Importer(815301076,1909f56bfc062723c751e8b465ee728b)  -> (artifact id: 'c401702d4ad1cc5cf04cc989df200a92') in 0.100177 seconds 
========================================================================
Received Import Request.
  Time since last request: 0.000042 seconds.
  path: Assets/Bullet Master/Sprites/Environment/Skins/Suit_2.png
  artifactKey: Guid(bc6ce6416e8e0e144b96dbb47669fd31) Importer(815301076,1909f56bfc062723c751e8b465ee728b)
Start importing Assets/Bullet Master/Sprites/Environment/Skins/Suit_2.png using Guid(bc6ce6416e8e0e144b96dbb47669fd31) Importer(815301076,1909f56bfc062723c751e8b465ee728b)  -> (artifact id: '2a55881cebd3c91326a94a92c8a2865e') in 0.098325 seconds 
========================================================================
Received Import Request.
  Time since last request: 0.000190 seconds.
  path: Assets/TextMesh Pro/Examples & Extras/Textures/Wipe Pattern - Radial Quad.psd
  artifactKey: Guid(2b5e9ae96c5644d8bae932f8b4ca68a2) Importer(815301076,1909f56bfc062723c751e8b465ee728b)
Start importing Assets/TextMesh Pro/Examples & Extras/Textures/Wipe Pattern - Radial Quad.psd using Guid(2b5e9ae96c5644d8bae932f8b4ca68a2) Importer(815301076,1909f56bfc062723c751e8b465ee728b)  -> (artifact id: 'e4ed34f08aaa183203b73dd53b2d92e7') in 0.028578 seconds 
========================================================================
Received Import Request.
  Time since last request: 0.000048 seconds.
  path: Assets/Bullet Master/Sprites/Environment/vehicles/tank.png
  artifactKey: Guid(ad4df4062d55daa428ae0c58ae1071d8) Importer(815301076,1909f56bfc062723c751e8b465ee728b)
Start importing Assets/Bullet Master/Sprites/Environment/vehicles/tank.png using Guid(ad4df4062d55daa428ae0c58ae1071d8) Importer(815301076,1909f56bfc062723c751e8b465ee728b)  -> (artifact id: '273c8b747f80bea5e3e1a502ebb294cc') in 0.046991 seconds 
========================================================================
Received Import Request.
  Time since last request: 0.000036 seconds.
  path: Assets/Bullet Master/Sprites/Environment/Weapon/Gun.png
  artifactKey: Guid(3ad6ff015ee88aa4f8c482a6b8d6d4f4) Importer(815301076,1909f56bfc062723c751e8b465ee728b)
Start importing Assets/Bullet Master/Sprites/Environment/Weapon/Gun.png using Guid(3ad6ff015ee88aa4f8c482a6b8d6d4f4) Importer(815301076,1909f56bfc062723c751e8b465ee728b)  -> (artifact id: '1f73253bb5672469bbab78f048831e57') in 0.026020 seconds 
========================================================================
Received Import Request.
  Time since last request: 0.000033 seconds.
  path: Assets/Bullet Master/Resources/image1.PNG
  artifactKey: Guid(239273a081988e5488a4b0e0d81905f4) Importer(815301076,1909f56bfc062723c751e8b465ee728b)
Start importing Assets/Bullet Master/Resources/image1.PNG using Guid(239273a081988e5488a4b0e0d81905f4) Importer(815301076,1909f56bfc062723c751e8b465ee728b)  -> (artifact id: 'a7e965b64eeebff8e5c0913b799dad62') in 0.048760 seconds 
========================================================================
Received Import Request.
  Time since last request: 0.000035 seconds.
  path: Assets/Bullet Master/Sprites/Environment/Decorations/House_5.png
  artifactKey: Guid(2dae0f4c14dec194788443f31515e7ec) Importer(815301076,1909f56bfc062723c751e8b465ee728b)
Start importing Assets/Bullet Master/Sprites/Environment/Decorations/House_5.png using Guid(2dae0f4c14dec194788443f31515e7ec) Importer(815301076,1909f56bfc062723c751e8b465ee728b)  -> (artifact id: '80d834c424de172f663c011f080038fd') in 0.110364 seconds 
========================================================================
Received Import Request.
  Time since last request: 0.000042 seconds.
  path: Assets/Bullet Master/Sprites/Environment/Cloud/cloud6.png
  artifactKey: Guid(2229baa0beafe744ea720c82bbeb2858) Importer(815301076,1909f56bfc062723c751e8b465ee728b)
Start importing Assets/Bullet Master/Sprites/Environment/Cloud/cloud6.png using Guid(2229baa0beafe744ea720c82bbeb2858) Importer(815301076,1909f56bfc062723c751e8b465ee728b)  -> (artifact id: '5f8515bdf4401a38c6e952511d617749') in 0.053398 seconds 
========================================================================
Received Import Request.
  Time since last request: 0.000041 seconds.
  path: Assets/Bullet Master/Sprites/Environment/Decorations/House_3.png
  artifactKey: Guid(dd0b230d2cbf1e943b9137e47d3a6273) Importer(815301076,1909f56bfc062723c751e8b465ee728b)
Start importing Assets/Bullet Master/Sprites/Environment/Decorations/House_3.png using Guid(dd0b230d2cbf1e943b9137e47d3a6273) Importer(815301076,1909f56bfc062723c751e8b465ee728b)  -> (artifact id: 'd46efcd0dbabc1850552d602994c5aa0') in 0.098476 seconds 
========================================================================
Received Import Request.
  Time since last request: 0.000035 seconds.
  path: Assets/TextMesh Pro/Examples & Extras/Textures/Gradient Diagonal (Color).jpg
  artifactKey: Guid(2ce5c55e85304b819a1826ecbc839aa5) Importer(815301076,1909f56bfc062723c751e8b465ee728b)
Start importing Assets/TextMesh Pro/Examples & Extras/Textures/Gradient Diagonal (Color).jpg using Guid(2ce5c55e85304b819a1826ecbc839aa5) Importer(815301076,1909f56bfc062723c751e8b465ee728b)  -> (artifact id: '0e6e272a990f2d72c2b3b8c49487068c') in 0.026766 seconds 
========================================================================
Received Import Request.
  Time since last request: 0.000044 seconds.
  path: Assets/Bullet Master/Sprites/Ui/Buttons/Replay.png
  artifactKey: Guid(2c2c4be2302efe64c924f0e0cb1e77fe) Importer(815301076,1909f56bfc062723c751e8b465ee728b)
Start importing Assets/Bullet Master/Sprites/Ui/Buttons/Replay.png using Guid(2c2c4be2302efe64c924f0e0cb1e77fe) Importer(815301076,1909f56bfc062723c751e8b465ee728b)  -> (artifact id: '3dae8d1aea74a1715b94943e2801e342') in 0.024408 seconds 
========================================================================
Received Import Request.
  Time since last request: 0.000049 seconds.
  path: Assets/TextMesh Pro/Examples & Extras/Textures/Sunny Days - Seamless.jpg
  artifactKey: Guid(17c350171f7a3ca479f830547c66d187) Importer(815301076,1909f56bfc062723c751e8b465ee728b)
Start importing Assets/TextMesh Pro/Examples & Extras/Textures/Sunny Days - Seamless.jpg using Guid(17c350171f7a3ca479f830547c66d187) Importer(815301076,1909f56bfc062723c751e8b465ee728b)  -> (artifact id: '25df2b7dfa7637a6f5659d308f8b01cf') in 0.025132 seconds 
========================================================================
Received Import Request.
  Time since last request: 0.000046 seconds.
  path: Assets/TextMesh Pro/Examples & Extras/Textures/Wipe Pattern - Diagonal.psd
  artifactKey: Guid(ed5290d8df18488780e2996b9b882f01) Importer(815301076,1909f56bfc062723c751e8b465ee728b)
Start importing Assets/TextMesh Pro/Examples & Extras/Textures/Wipe Pattern - Diagonal.psd using Guid(ed5290d8df18488780e2996b9b882f01) Importer(815301076,1909f56bfc062723c751e8b465ee728b)  -> (artifact id: 'dd59414eed5d241da95928ffe9fe9088') in 0.018624 seconds 
========================================================================
Received Import Request.
  Time since last request: 0.000067 seconds.
  path: Assets/Bullet Master/Sprites/Environment/Decorations/Cloud_2.png
  artifactKey: Guid(164ce6535d2764c49875b50eda33e793) Importer(815301076,1909f56bfc062723c751e8b465ee728b)
Start importing Assets/Bullet Master/Sprites/Environment/Decorations/Cloud_2.png using Guid(164ce6535d2764c49875b50eda33e793) Importer(815301076,1909f56bfc062723c751e8b465ee728b)  -> (artifact id: '0b7339dffeb82f084b5d98bf38995995') in 0.042461 seconds 
========================================================================
Received Import Request.
  Time since last request: 0.000041 seconds.
  path: Assets/TextMesh Pro/Examples & Extras/Fonts/Electronic Highway Sign.TTF
  artifactKey: Guid(8a2b9e2a607dd2143b58c44bc32410b4) Importer(815301076,1909f56bfc062723c751e8b465ee728b)
Start importing Assets/TextMesh Pro/Examples & Extras/Fonts/Electronic Highway Sign.TTF using Guid(8a2b9e2a607dd2143b58c44bc32410b4) Importer(815301076,1909f56bfc062723c751e8b465ee728b)  -> (artifact id: '5ccc1e540a38271cf8b873a0e4e23180') in 0.029939 seconds 
========================================================================
Received Import Request.
  Time since last request: 0.000036 seconds.
  path: Assets/Bullet Master/Sprites/Alliance/Klichko.png
  artifactKey: Guid(533bc6c486439e14590f4b93bbb9f7a7) Importer(815301076,1909f56bfc062723c751e8b465ee728b)
Start importing Assets/Bullet Master/Sprites/Alliance/Klichko.png using Guid(533bc6c486439e14590f4b93bbb9f7a7) Importer(815301076,1909f56bfc062723c751e8b465ee728b)  -> (artifact id: 'b004ed57a21fe59aee985e7ab958bd71') in 0.090740 seconds 
========================================================================
Received Import Request.
  Time since last request: 0.000040 seconds.
  path: Assets/TextMesh Pro/Examples & Extras/Fonts/Bangers.ttf
  artifactKey: Guid(5dd49b3eacc540408c98eee0de38e0f1) Importer(815301076,1909f56bfc062723c751e8b465ee728b)
Start importing Assets/TextMesh Pro/Examples & Extras/Fonts/Bangers.ttf using Guid(5dd49b3eacc540408c98eee0de38e0f1) Importer(815301076,1909f56bfc062723c751e8b465ee728b)  -> (artifact id: 'e66378cfd43753134abe09375ed36061') in 0.032865 seconds 
========================================================================
Received Import Request.
  Time since last request: 0.000046 seconds.
  path: Assets/Bullet Master/Sprites/Environment/Decorations/Bridge_2.png
  artifactKey: Guid(8cf71e6c01935d24d9e096ddd4c57892) Importer(815301076,1909f56bfc062723c751e8b465ee728b)
Start importing Assets/Bullet Master/Sprites/Environment/Decorations/Bridge_2.png using Guid(8cf71e6c01935d24d9e096ddd4c57892) Importer(815301076,1909f56bfc062723c751e8b465ee728b)  -> (artifact id: '0250b8b85b04cc8561adb5edd6e9f64e') in 0.043099 seconds 
========================================================================
Received Import Request.
  Time since last request: 0.000050 seconds.
  path: Assets/Bullet Master/Sprites/Ui/Coin.png
  artifactKey: Guid(6c98bd5c80964aa4eaae44e499b71a75) Importer(815301076,1909f56bfc062723c751e8b465ee728b)
Start importing Assets/Bullet Master/Sprites/Ui/Coin.png using Guid(6c98bd5c80964aa4eaae44e499b71a75) Importer(815301076,1909f56bfc062723c751e8b465ee728b)  -> (artifact id: 'b25359bf10f61ab4c67c9e07abda24bb') in 0.053190 seconds 
========================================================================
Received Import Request.
  Time since last request: 0.000037 seconds.
  path: Assets/TextMesh Pro/Examples & Extras/Textures/Floor Cement.jpg
  artifactKey: Guid(283f897e4925411ebbaa758b4cb13fc2) Importer(815301076,1909f56bfc062723c751e8b465ee728b)
Start importing Assets/TextMesh Pro/Examples & Extras/Textures/Floor Cement.jpg using Guid(283f897e4925411ebbaa758b4cb13fc2) Importer(815301076,1909f56bfc062723c751e8b465ee728b)  -> (artifact id: '530d0e21db70fb5a651bc0afba141672') in 0.031266 seconds 
========================================================================
Received Import Request.
  Time since last request: 0.000039 seconds.
  path: Assets/TextMesh Pro/Examples & Extras/Textures/Wipe Pattern - Radial Double.psd
  artifactKey: Guid(7631f4eff8f74ed38eb3eb9db17134e1) Importer(815301076,1909f56bfc062723c751e8b465ee728b)
Start importing Assets/TextMesh Pro/Examples & Extras/Textures/Wipe Pattern - Radial Double.psd using Guid(7631f4eff8f74ed38eb3eb9db17134e1) Importer(815301076,1909f56bfc062723c751e8b465ee728b)  -> (artifact id: '8262754dcada86385ad8c9122624a050') in 0.025439 seconds 
========================================================================
Received Import Request.
  Time since last request: 0.000052 seconds.
  path: Assets/Bullet Master/Sprites/Alliance/Zelenskiy.png
  artifactKey: Guid(c35d113d1ce3c954ba1fae683885edc5) Importer(815301076,1909f56bfc062723c751e8b465ee728b)
Start importing Assets/Bullet Master/Sprites/Alliance/Zelenskiy.png using Guid(c35d113d1ce3c954ba1fae683885edc5) Importer(815301076,1909f56bfc062723c751e8b465ee728b)  -> (artifact id: '37733f97bf5f4375527ea5ff37ccb9cb') in 0.117712 seconds 
========================================================================
Received Import Request.
  Time since last request: 0.000042 seconds.
  path: Assets/Bullet Master/Sprites/Ui/Buttons/SoundsOn.png
  artifactKey: Guid(dae6e941d98381b4aa55337674145be8) Importer(815301076,1909f56bfc062723c751e8b465ee728b)
Start importing Assets/Bullet Master/Sprites/Ui/Buttons/SoundsOn.png using Guid(dae6e941d98381b4aa55337674145be8) Importer(815301076,1909f56bfc062723c751e8b465ee728b)  -> (artifact id: '0087d3d79b0a56520175bea0dd86b16f') in 0.031565 seconds 
========================================================================
Received Import Request.
  Time since last request: 0.000041 seconds.
  path: Assets/Bullet Master/Sprites/particlesTextures/smoke-18 1.png
  artifactKey: Guid(4c6ae3721c6d65f4a925f970e825e969) Importer(815301076,1909f56bfc062723c751e8b465ee728b)
Start importing Assets/Bullet Master/Sprites/particlesTextures/smoke-18 1.png using Guid(4c6ae3721c6d65f4a925f970e825e969) Importer(815301076,1909f56bfc062723c751e8b465ee728b)  -> (artifact id: '2b7b8a71314d0a150123cbc9620d24a4') in 0.020058 seconds 
========================================================================
Received Import Request.
  Time since last request: 0.000043 seconds.
  path: Assets/Bullet Master/Sprites/Ui/Buttons/OpenProfileButton.png
  artifactKey: Guid(1de87566d04139048b2cc78b35ee95a0) Importer(815301076,1909f56bfc062723c751e8b465ee728b)
Start importing Assets/Bullet Master/Sprites/Ui/Buttons/OpenProfileButton.png using Guid(1de87566d04139048b2cc78b35ee95a0) Importer(815301076,1909f56bfc062723c751e8b465ee728b)  -> (artifact id: '41615e8b5d64afd3015211588e8653c8') in 0.048949 seconds 
========================================================================
Received Import Request.
  Time since last request: 0.000032 seconds.
  path: Assets/Bullet Master/Sprites/Alliance/Hetman.png
  artifactKey: Guid(4b83dd3627ca6ae43870be54c5869781) Importer(815301076,1909f56bfc062723c751e8b465ee728b)
Start importing Assets/Bullet Master/Sprites/Alliance/Hetman.png using Guid(4b83dd3627ca6ae43870be54c5869781) Importer(815301076,1909f56bfc062723c751e8b465ee728b)  -> (artifact id: 'f0872eab1e0e9566624bb9729047c5aa') in 0.152891 seconds 
========================================================================
Received Import Request.
  Time since last request: 0.000034 seconds.
  path: Assets/Bullet Master/Sprites/Environment/Skins/Suit_3.png
  artifactKey: Guid(8541333499537da4282b08e6bf9c38a2) Importer(815301076,1909f56bfc062723c751e8b465ee728b)
Start importing Assets/Bullet Master/Sprites/Environment/Skins/Suit_3.png using Guid(8541333499537da4282b08e6bf9c38a2) Importer(815301076,1909f56bfc062723c751e8b465ee728b)  -> (artifact id: '570a8020d10bb17af4f48b4aa501289e') in 0.084765 seconds 
========================================================================
Received Import Request.
  Time since last request: 0.000039 seconds.
  path: Assets/Bullet Master/Sprites/Alliance/mlgeverything.png
  artifactKey: Guid(272d0861d1684644fad186c6cb5d7a0a) Importer(815301076,1909f56bfc062723c751e8b465ee728b)
Start importing Assets/Bullet Master/Sprites/Alliance/mlgeverything.png using Guid(272d0861d1684644fad186c6cb5d7a0a) Importer(815301076,1909f56bfc062723c751e8b465ee728b)  -> (artifact id: 'fbfe64f0467ca3c5a4e369eec7066c52') in 0.112578 seconds 
========================================================================
Received Import Request.
  Time since last request: 0.000040 seconds.
  path: Assets/Bullet Master/Sprites/Alliance/Zaluzhniy.png
  artifactKey: Guid(3a2c2d4bdd7ec8a478c94051377fda46) Importer(815301076,1909f56bfc062723c751e8b465ee728b)
Start importing Assets/Bullet Master/Sprites/Alliance/Zaluzhniy.png using Guid(3a2c2d4bdd7ec8a478c94051377fda46) Importer(815301076,1909f56bfc062723c751e8b465ee728b)  -> (artifact id: '42f4def6c736f705aa4e6d045355e393') in 0.131517 seconds 
========================================================================
Received Import Request.
  Time since last request: 0.000045 seconds.
  path: Assets/TextMesh Pro/Examples & Extras/Textures/Text Overflow - Linked Text Image 1.png
  artifactKey: Guid(4ccf43d26c4748c792174516f4a8fcef) Importer(815301076,1909f56bfc062723c751e8b465ee728b)
Start importing Assets/TextMesh Pro/Examples & Extras/Textures/Text Overflow - Linked Text Image 1.png using Guid(4ccf43d26c4748c792174516f4a8fcef) Importer(815301076,1909f56bfc062723c751e8b465ee728b)  -> (artifact id: '3a9b86cf588038dec4fd51cc123b1032') in 0.034438 seconds 
========================================================================
Received Import Request.
  Time since last request: 0.000064 seconds.
  path: Assets/Bullet Master/Sprites/Environment/Cloud/cloud5.png
  artifactKey: Guid(367dd1ad84a36184396bf823857ebc29) Importer(815301076,1909f56bfc062723c751e8b465ee728b)
Start importing Assets/Bullet Master/Sprites/Environment/Cloud/cloud5.png using Guid(367dd1ad84a36184396bf823857ebc29) Importer(815301076,1909f56bfc062723c751e8b465ee728b)  -> (artifact id: 'c29ad56dfbd2fcf6816b5b924eda31a2') in 0.033410 seconds 
========================================================================
Received Import Request.
  Time since last request: 0.000092 seconds.
  path: Assets/TextMesh Pro/Examples & Extras/Sprites/DropCap Numbers.psd
  artifactKey: Guid(fd09957580ac4326916010f1f260975b) Importer(815301076,1909f56bfc062723c751e8b465ee728b)
Start importing Assets/TextMesh Pro/Examples & Extras/Sprites/DropCap Numbers.psd using Guid(fd09957580ac4326916010f1f260975b) Importer(815301076,1909f56bfc062723c751e8b465ee728b)  -> (artifact id: '93211b2f1ba90702483a696d1d396d75') in 0.025620 seconds 
========================================================================
Received Import Request.
  Time since last request: 0.000036 seconds.
  path: Assets/TextMesh Pro/Sprites/EmojiOne.png
  artifactKey: Guid(dffef66376be4fa480fb02b19edbe903) Importer(815301076,1909f56bfc062723c751e8b465ee728b)
Start importing Assets/TextMesh Pro/Sprites/EmojiOne.png using Guid(dffef66376be4fa480fb02b19edbe903) Importer(815301076,1909f56bfc062723c751e8b465ee728b)  -> (artifact id: '9f8f59aef8f8351583c476a793c8b804') in 0.023614 seconds 
========================================================================
Received Import Request.
  Time since last request: 0.000027 seconds.
  path: Assets/Bullet Master/Sprites/Environment/Background/fg2.png
  artifactKey: Guid(cba458fa9215cd14f906d9ffbe736d3e) Importer(815301076,1909f56bfc062723c751e8b465ee728b)
Start importing Assets/Bullet Master/Sprites/Environment/Background/fg2.png using Guid(cba458fa9215cd14f906d9ffbe736d3e) Importer(815301076,1909f56bfc062723c751e8b465ee728b)  -> (artifact id: 'ef71995bf77f4be253b80cf9b0f507e6') in 0.077059 seconds 
========================================================================
Received Import Request.
  Time since last request: 0.000038 seconds.
  path: Assets/TextMesh Pro/Examples & Extras/Textures/Fruit Jelly (B&W).jpg
  artifactKey: Guid(1cdc5b506b1a4a33a53c30669ced1f51) Importer(815301076,1909f56bfc062723c751e8b465ee728b)
Start importing Assets/TextMesh Pro/Examples & Extras/Textures/Fruit Jelly (B&W).jpg using Guid(1cdc5b506b1a4a33a53c30669ced1f51) Importer(815301076,1909f56bfc062723c751e8b465ee728b)  -> (artifact id: '36624a4c9a1d607d791d9c2a85de241c') in 0.026378 seconds 
========================================================================
Received Import Request.
  Time since last request: 0.000045 seconds.
  path: Assets/Bullet Master/Sprites/Environment/Background/fg3.png
  artifactKey: Guid(db7e1de3ea8844848bf2c4d833f84536) Importer(815301076,1909f56bfc062723c751e8b465ee728b)
Start importing Assets/Bullet Master/Sprites/Environment/Background/fg3.png using Guid(db7e1de3ea8844848bf2c4d833f84536) Importer(815301076,1909f56bfc062723c751e8b465ee728b)  -> (artifact id: 'ccf842f3ddbd22fc0340a92fdf162e96') in 0.089163 seconds 
========================================================================
Received Import Request.
  Time since last request: 0.000065 seconds.
  path: Assets/Bullet Master/Sprites/Alliance/Kim.png
  artifactKey: Guid(a643a0b325e77224daf23f5689c75535) Importer(815301076,1909f56bfc062723c751e8b465ee728b)
Start importing Assets/Bullet Master/Sprites/Alliance/Kim.png using Guid(a643a0b325e77224daf23f5689c75535) Importer(815301076,1909f56bfc062723c751e8b465ee728b)  -> (artifact id: '538be151cabf5d52c0df92dca66b4070') in 0.079661 seconds 
========================================================================
Received Import Request.
  Time since last request: 0.000037 seconds.
  path: Assets/Bullet Master/Sprites/Environment/Skins/Suit_0.png
  artifactKey: Guid(9cd1c249eaed025499004a989f48e273) Importer(815301076,1909f56bfc062723c751e8b465ee728b)
Start importing Assets/Bullet Master/Sprites/Environment/Skins/Suit_0.png using Guid(9cd1c249eaed025499004a989f48e273) Importer(815301076,1909f56bfc062723c751e8b465ee728b)  -> (artifact id: '4e960bf1b9635c8374f16502d480da81') in 0.090070 seconds 
========================================================================
Received Import Request.
  Time since last request: 0.000039 seconds.
  path: Assets/Bullet Master/Sprites/Environment/Decorations/Cloud_3.png
  artifactKey: Guid(7b6d56c5ee1b88c44b6774e585cf1034) Importer(815301076,1909f56bfc062723c751e8b465ee728b)
Start importing Assets/Bullet Master/Sprites/Environment/Decorations/Cloud_3.png using Guid(7b6d56c5ee1b88c44b6774e585cf1034) Importer(815301076,1909f56bfc062723c751e8b465ee728b)  -> (artifact id: 'e40e888bd075d1203d7b63ff174fb544') in 0.049537 seconds 
========================================================================
Received Import Request.
  Time since last request: 0.000076 seconds.
  path: Assets/Bullet Master/Sprites/Environment/Background/Circe.png
  artifactKey: Guid(d3a820af21e180f4cb5d0485a7e1bdf5) Importer(815301076,1909f56bfc062723c751e8b465ee728b)
Start importing Assets/Bullet Master/Sprites/Environment/Background/Circe.png using Guid(d3a820af21e180f4cb5d0485a7e1bdf5) Importer(815301076,1909f56bfc062723c751e8b465ee728b)  -> (artifact id: 'be8c1d9b9c369e53a1b0d2906d203f2e') in 0.033748 seconds 
========================================================================
Received Import Request.
  Time since last request: 0.000060 seconds.
  path: Assets/Bullet Master/Sprites/Alliance/Boris.png
  artifactKey: Guid(06b52929017c7b34ea5959ba9060ac25) Importer(815301076,1909f56bfc062723c751e8b465ee728b)
Start importing Assets/Bullet Master/Sprites/Alliance/Boris.png using Guid(06b52929017c7b34ea5959ba9060ac25) Importer(815301076,1909f56bfc062723c751e8b465ee728b)  -> (artifact id: 'a5a6e696cddf4bd342011e53b9dd1b36') in 0.105757 seconds 
========================================================================
Received Prepare
Refreshing native plugins compatible for Editor in 6.95 ms, found 5 plugins.
Preloading 0 native plugins for Editor in 0.00 ms.
Unloading 34 Unused Serialized files (Serialized files now loaded: 0)
Unloading 35 unused Assets / (1.4 MB). Loaded Objects now: 4478.
Memory consumption went from 83.1 MB to 81.7 MB.
Total: 5.957000 ms (FindLiveObjects: 0.572700 ms CreateObjectMapping: 0.215000 ms MarkObjects: 4.744000 ms  DeleteObjects: 0.423400 ms)

AssetImportParameters requested are different than current active one (requested -> active):
  custom:video-decoder-ogg-theora: a1e56fd34408186e4bbccfd4996cb3dc -> 
  custom:container-muxer-webm: aa71ff27fc2769a1b78a27578f13a17b -> 
  custom:container-demuxer-webm: 4f35f7cbe854078d1ac9338744f61a02 -> 
  custom:video-encoder-webm-vp8: eb34c28f22e8b96e1ab97ce403110664 -> 
  custom:audio-encoder-webm-vorbis: bf7c407c2cedff20999df2af8eb42d56 -> 
  custom:framework-win-MediaFoundation: 216162199b28c13a410421893ffa2e32 -> 
  custom:container-demuxer-ogg: 62fdf1f143b41e24485cea50d1cbac27 -> 
  custom:video-decoder-webm-vp8: 9c59270c3fd7afecdb556c50c9e8de78 -> 
  custom:audio-decoder-ogg-vorbis: bf7c407c2cedff20999df2af8eb42d56 -> 
========================================================================
Received Prepare
Refreshing native plugins compatible for Editor in 7.00 ms, found 5 plugins.
Preloading 0 native plugins for Editor in 0.00 ms.
Unloading 35 Unused Serialized files (Serialized files now loaded: 0)
Unloading 35 unused Assets / (1.4 MB). Loaded Objects now: 4478.
Memory consumption went from 83.3 MB to 81.9 MB.
Total: 4.360200 ms (FindLiveObjects: 0.384400 ms CreateObjectMapping: 0.127200 ms MarkObjects: 3.459900 ms  DeleteObjects: 0.387500 ms)

AssetImportParameters requested are different than current active one (requested -> active):
  custom:video-decoder-ogg-theora: a1e56fd34408186e4bbccfd4996cb3dc -> 
  custom:container-muxer-webm: aa71ff27fc2769a1b78a27578f13a17b -> 
  custom:container-demuxer-webm: 4f35f7cbe854078d1ac9338744f61a02 -> 
  custom:video-encoder-webm-vp8: eb34c28f22e8b96e1ab97ce403110664 -> 
  custom:audio-encoder-webm-vorbis: bf7c407c2cedff20999df2af8eb42d56 -> 
  custom:framework-win-MediaFoundation: 216162199b28c13a410421893ffa2e32 -> 
  custom:container-demuxer-ogg: 62fdf1f143b41e24485cea50d1cbac27 -> 
  custom:video-decoder-webm-vp8: 9c59270c3fd7afecdb556c50c9e8de78 -> 
  custom:audio-decoder-ogg-vorbis: bf7c407c2cedff20999df2af8eb42d56 -> 
========================================================================
Received Prepare
Registering precompiled user dll's ...
Registered in 0.007321 seconds.
Begin MonoManager ReloadAssembly
Symbol file LoadedFromMemory doesn't match image C:\Users\zheni\Avanture\eBAIII\Library\PackageCache\com.unity.visualscripting@1.7.8\Editor\VisualScripting.Core\Dependencies\YamlDotNet\Unity.VisualScripting.YamlDotNet.dll
Symbol file LoadedFromMemory doesn't match image C:\Users\zheni\Avanture\eBAIII\Library\PackageCache\com.unity.visualscripting@1.7.8\Editor\VisualScripting.Core\Dependencies\DotNetZip\Unity.VisualScripting.IonicZip.dll
Native extension for WindowsStandalone target not found
Native extension for Android target not found
Native extension for WebGL target not found
Refreshing native plugins compatible for Editor in 0.94 ms, found 5 plugins.
Preloading 0 native plugins for Editor in 0.00 ms.
Mono: successfully reloaded assembly
- Completed reload, in  1.383 seconds
Domain Reload Profiling:
	ReloadAssembly (1384ms)
		BeginReloadAssembly (186ms)
			ExecutionOrderSort (0ms)
			DisableScriptedObjects (6ms)
			BackupInstance (0ms)
			ReleaseScriptingObjects (0ms)
			CreateAndSetChildDomain (52ms)
		EndReloadAssembly (1038ms)
			LoadAssemblies (129ms)
			RebuildTransferFunctionScriptingTraits (0ms)
			SetupTypeCache (354ms)
				TypeCache.Initialize (348ms)
					TypeCache.ScanAssembly (340ms)
				ResolveRequiredComponents (5ms)
			ReleaseScriptCaches (2ms)
			RebuildScriptCaches (54ms)
			SetupLoadedEditorAssemblies (446ms)
				LogAssemblyErrors (0ms)
				InitializePlatformSupportModulesInManaged (32ms)
				SetLoadedEditorAssemblies (9ms)
				RefreshPlugins (1ms)
				BeforeProcessingInitializeOnLoad (83ms)
				ProcessInitializeOnLoadAttributes (268ms)
				ProcessInitializeOnLoadMethodAttributes (40ms)
				AfterProcessingInitializeOnLoad (12ms)
				EditorAssembliesLoaded (0ms)
			ExecutionOrderSort2 (0ms)
			AwakeInstancesAfterBackupRestoration (8ms)
Platform modules already initialized, skipping
Refreshing native plugins compatible for Editor in 3.47 ms, found 5 plugins.
Preloading 0 native plugins for Editor in 0.00 ms.
Unloading 3760 Unused Serialized files (Serialized files now loaded: 0)
Unloading 35 unused Assets / (1.4 MB). Loaded Objects now: 4480.
Memory consumption went from 0.57 GB to 0.57 GB.
Total: 3.686500 ms (FindLiveObjects: 0.358000 ms CreateObjectMapping: 0.107800 ms MarkObjects: 2.888500 ms  DeleteObjects: 0.330300 ms)

AssetImportParameters requested are different than current active one (requested -> active):
  custom:video-decoder-ogg-theora: a1e56fd34408186e4bbccfd4996cb3dc -> 
  custom:container-muxer-webm: aa71ff27fc2769a1b78a27578f13a17b -> 
  custom:container-demuxer-webm: 4f35f7cbe854078d1ac9338744f61a02 -> 
  custom:video-encoder-webm-vp8: eb34c28f22e8b96e1ab97ce403110664 -> 
  custom:audio-encoder-webm-vorbis: bf7c407c2cedff20999df2af8eb42d56 -> 
  custom:framework-win-MediaFoundation: 216162199b28c13a410421893ffa2e32 -> 
  custom:container-demuxer-ogg: 62fdf1f143b41e24485cea50d1cbac27 -> 
  custom:video-decoder-webm-vp8: 9c59270c3fd7afecdb556c50c9e8de78 -> 
  custom:audio-decoder-ogg-vorbis: bf7c407c2cedff20999df2af8eb42d56 -> 
========================================================================
Received Prepare
Refreshing native plugins compatible for Editor in 8.47 ms, found 5 plugins.
Preloading 0 native plugins for Editor in 0.00 ms.
Unloading 35 Unused Serialized files (Serialized files now loaded: 0)
Unloading 35 unused Assets / (1.4 MB). Loaded Objects now: 4480.
Memory consumption went from 82.8 MB to 81.3 MB.
Total: 3.823300 ms (FindLiveObjects: 0.352500 ms CreateObjectMapping: 0.130800 ms MarkObjects: 3.001100 ms  DeleteObjects: 0.337600 ms)

AssetImportParameters requested are different than current active one (requested -> active):
  custom:video-decoder-ogg-theora: a1e56fd34408186e4bbccfd4996cb3dc -> 
  custom:container-muxer-webm: aa71ff27fc2769a1b78a27578f13a17b -> 
  custom:container-demuxer-webm: 4f35f7cbe854078d1ac9338744f61a02 -> 
  custom:video-encoder-webm-vp8: eb34c28f22e8b96e1ab97ce403110664 -> 
  custom:audio-encoder-webm-vorbis: bf7c407c2cedff20999df2af8eb42d56 -> 
  custom:framework-win-MediaFoundation: 216162199b28c13a410421893ffa2e32 -> 
  custom:container-demuxer-ogg: 62fdf1f143b41e24485cea50d1cbac27 -> 
  custom:video-decoder-webm-vp8: 9c59270c3fd7afecdb556c50c9e8de78 -> 
  custom:audio-decoder-ogg-vorbis: bf7c407c2cedff20999df2af8eb42d56 -> 
========================================================================
Received Prepare
Registering precompiled user dll's ...
Registered in 0.008888 seconds.
Begin MonoManager ReloadAssembly
Symbol file LoadedFromMemory doesn't match image C:\Users\zheni\Avanture\eBAIII\Library\PackageCache\com.unity.visualscripting@1.7.8\Editor\VisualScripting.Core\Dependencies\YamlDotNet\Unity.VisualScripting.YamlDotNet.dll
Symbol file LoadedFromMemory doesn't match image C:\Users\zheni\Avanture\eBAIII\Library\PackageCache\com.unity.visualscripting@1.7.8\Editor\VisualScripting.Core\Dependencies\DotNetZip\Unity.VisualScripting.IonicZip.dll
Native extension for WindowsStandalone target not found
Native extension for Android target not found
Native extension for WebGL target not found
Refreshing native plugins compatible for Editor in 0.91 ms, found 5 plugins.
Preloading 0 native plugins for Editor in 0.00 ms.
Mono: successfully reloaded assembly
- Completed reload, in  1.405 seconds
Domain Reload Profiling:
	ReloadAssembly (1407ms)
		BeginReloadAssembly (214ms)
			ExecutionOrderSort (0ms)
			DisableScriptedObjects (7ms)
			BackupInstance (0ms)
			ReleaseScriptingObjects (0ms)
			CreateAndSetChildDomain (82ms)
		EndReloadAssembly (1049ms)
			LoadAssemblies (137ms)
			RebuildTransferFunctionScriptingTraits (0ms)
			SetupTypeCache (366ms)
				TypeCache.Initialize (360ms)
					TypeCache.ScanAssembly (351ms)
				ResolveRequiredComponents (6ms)
			ReleaseScriptCaches (2ms)
			RebuildScriptCaches (56ms)
			SetupLoadedEditorAssemblies (434ms)
				LogAssemblyErrors (0ms)
				InitializePlatformSupportModulesInManaged (28ms)
				SetLoadedEditorAssemblies (8ms)
				RefreshPlugins (1ms)
				BeforeProcessingInitializeOnLoad (86ms)
				ProcessInitializeOnLoadAttributes (272ms)
				ProcessInitializeOnLoadMethodAttributes (30ms)
				AfterProcessingInitializeOnLoad (9ms)
				EditorAssembliesLoaded (0ms)
			ExecutionOrderSort2 (0ms)
			AwakeInstancesAfterBackupRestoration (8ms)
Platform modules already initialized, skipping
Refreshing native plugins compatible for Editor in 3.03 ms, found 5 plugins.
Preloading 0 native plugins for Editor in 0.00 ms.
Unloading 3760 Unused Serialized files (Serialized files now loaded: 0)
Unloading 35 unused Assets / (1.4 MB). Loaded Objects now: 4483.
Memory consumption went from 0.57 GB to 0.57 GB.
Total: 4.276600 ms (FindLiveObjects: 0.359000 ms CreateObjectMapping: 0.132900 ms MarkObjects: 3.423300 ms  DeleteObjects: 0.359900 ms)

AssetImportParameters requested are different than current active one (requested -> active):
  custom:video-decoder-ogg-theora: a1e56fd34408186e4bbccfd4996cb3dc -> 
  custom:container-muxer-webm: aa71ff27fc2769a1b78a27578f13a17b -> 
  custom:container-demuxer-webm: 4f35f7cbe854078d1ac9338744f61a02 -> 
  custom:video-encoder-webm-vp8: eb34c28f22e8b96e1ab97ce403110664 -> 
  custom:audio-encoder-webm-vorbis: bf7c407c2cedff20999df2af8eb42d56 -> 
  custom:framework-win-MediaFoundation: 216162199b28c13a410421893ffa2e32 -> 
  custom:container-demuxer-ogg: 62fdf1f143b41e24485cea50d1cbac27 -> 
  custom:video-decoder-webm-vp8: 9c59270c3fd7afecdb556c50c9e8de78 -> 
  custom:audio-decoder-ogg-vorbis: bf7c407c2cedff20999df2af8eb42d56 -> 
========================================================================
Received Prepare
Registering precompiled user dll's ...
Registered in 0.007240 seconds.
Begin MonoManager ReloadAssembly
Symbol file LoadedFromMemory doesn't match image C:\Users\zheni\Avanture\eBAIII\Library\PackageCache\com.unity.visualscripting@1.7.8\Editor\VisualScripting.Core\Dependencies\YamlDotNet\Unity.VisualScripting.YamlDotNet.dll
Symbol file LoadedFromMemory doesn't match image C:\Users\zheni\Avanture\eBAIII\Library\PackageCache\com.unity.visualscripting@1.7.8\Editor\VisualScripting.Core\Dependencies\DotNetZip\Unity.VisualScripting.IonicZip.dll
Native extension for WindowsStandalone target not found
Native extension for Android target not found
Native extension for WebGL target not found
Refreshing native plugins compatible for Editor in 1.05 ms, found 5 plugins.
Preloading 0 native plugins for Editor in 0.00 ms.
Mono: successfully reloaded assembly
- Completed reload, in  1.387 seconds
Domain Reload Profiling:
	ReloadAssembly (1388ms)
		BeginReloadAssembly (166ms)
			ExecutionOrderSort (0ms)
			DisableScriptedObjects (7ms)
			BackupInstance (0ms)
			ReleaseScriptingObjects (0ms)
			CreateAndSetChildDomain (48ms)
		EndReloadAssembly (1088ms)
			LoadAssemblies (110ms)
			RebuildTransferFunctionScriptingTraits (0ms)
			SetupTypeCache (394ms)
				TypeCache.Initialize (388ms)
					TypeCache.ScanAssembly (380ms)
				ResolveRequiredComponents (6ms)
			ReleaseScriptCaches (2ms)
			RebuildScriptCaches (63ms)
			SetupLoadedEditorAssemblies (454ms)
				LogAssemblyErrors (0ms)
				InitializePlatformSupportModulesInManaged (30ms)
				SetLoadedEditorAssemblies (9ms)
				RefreshPlugins (1ms)
				BeforeProcessingInitializeOnLoad (93ms)
				ProcessInitializeOnLoadAttributes (273ms)
				ProcessInitializeOnLoadMethodAttributes (37ms)
				AfterProcessingInitializeOnLoad (10ms)
				EditorAssembliesLoaded (1ms)
			ExecutionOrderSort2 (0ms)
			AwakeInstancesAfterBackupRestoration (9ms)
Platform modules already initialized, skipping
Refreshing native plugins compatible for Editor in 6.15 ms, found 5 plugins.
Preloading 0 native plugins for Editor in 0.00 ms.
Unloading 3760 Unused Serialized files (Serialized files now loaded: 0)
Unloading 35 unused Assets / (1.4 MB). Loaded Objects now: 4486.
Memory consumption went from 0.57 GB to 0.57 GB.
Total: 5.750400 ms (FindLiveObjects: 0.965500 ms CreateObjectMapping: 0.163100 ms MarkObjects: 4.188400 ms  DeleteObjects: 0.430500 ms)

AssetImportParameters requested are different than current active one (requested -> active):
  custom:video-decoder-ogg-theora: a1e56fd34408186e4bbccfd4996cb3dc -> 
  custom:container-muxer-webm: aa71ff27fc2769a1b78a27578f13a17b -> 
  custom:container-demuxer-webm: 4f35f7cbe854078d1ac9338744f61a02 -> 
  custom:video-encoder-webm-vp8: eb34c28f22e8b96e1ab97ce403110664 -> 
  custom:audio-encoder-webm-vorbis: bf7c407c2cedff20999df2af8eb42d56 -> 
  custom:framework-win-MediaFoundation: 216162199b28c13a410421893ffa2e32 -> 
  custom:container-demuxer-ogg: 62fdf1f143b41e24485cea50d1cbac27 -> 
  custom:video-decoder-webm-vp8: 9c59270c3fd7afecdb556c50c9e8de78 -> 
  custom:audio-decoder-ogg-vorbis: bf7c407c2cedff20999df2af8eb42d56 -> 
========================================================================
Received Prepare
Registering precompiled user dll's ...
Registered in 0.007320 seconds.
Begin MonoManager ReloadAssembly
Symbol file LoadedFromMemory doesn't match image C:\Users\zheni\Avanture\eBAIII\Library\PackageCache\com.unity.visualscripting@1.7.8\Editor\VisualScripting.Core\Dependencies\YamlDotNet\Unity.VisualScripting.YamlDotNet.dll
Symbol file LoadedFromMemory doesn't match image C:\Users\zheni\Avanture\eBAIII\Library\PackageCache\com.unity.visualscripting@1.7.8\Editor\VisualScripting.Core\Dependencies\DotNetZip\Unity.VisualScripting.IonicZip.dll
Native extension for WindowsStandalone target not found
Native extension for Android target not found
Native extension for WebGL target not found
Refreshing native plugins compatible for Editor in 2.12 ms, found 5 plugins.
Preloading 0 native plugins for Editor in 0.00 ms.
Mono: successfully reloaded assembly
- Completed reload, in  1.802 seconds
Domain Reload Profiling:
	ReloadAssembly (1804ms)
		BeginReloadAssembly (189ms)
			ExecutionOrderSort (0ms)
			DisableScriptedObjects (10ms)
			BackupInstance (0ms)
			ReleaseScriptingObjects (0ms)
			CreateAndSetChildDomain (51ms)
		EndReloadAssembly (1474ms)
			LoadAssemblies (125ms)
			RebuildTransferFunctionScriptingTraits (0ms)
			SetupTypeCache (463ms)
				TypeCache.Initialize (450ms)
					TypeCache.ScanAssembly (435ms)
				ResolveRequiredComponents (13ms)
			ReleaseScriptCaches (5ms)
			RebuildScriptCaches (84ms)
			SetupLoadedEditorAssemblies (680ms)
				LogAssemblyErrors (0ms)
				InitializePlatformSupportModulesInManaged (39ms)
				SetLoadedEditorAssemblies (15ms)
				RefreshPlugins (2ms)
				BeforeProcessingInitializeOnLoad (133ms)
				ProcessInitializeOnLoadAttributes (425ms)
				ProcessInitializeOnLoadMethodAttributes (52ms)
				AfterProcessingInitializeOnLoad (13ms)
				EditorAssembliesLoaded (0ms)
			ExecutionOrderSort2 (0ms)
			AwakeInstancesAfterBackupRestoration (16ms)
Platform modules already initialized, skipping
Refreshing native plugins compatible for Editor in 6.95 ms, found 5 plugins.
Preloading 0 native plugins for Editor in 0.00 ms.
Unloading 3760 Unused Serialized files (Serialized files now loaded: 0)
Unloading 35 unused Assets / (1.4 MB). Loaded Objects now: 4489.
Memory consumption went from 0.57 GB to 0.57 GB.
Total: 6.759400 ms (FindLiveObjects: 0.843200 ms CreateObjectMapping: 0.381100 ms MarkObjects: 4.465000 ms  DeleteObjects: 1.066300 ms)

AssetImportParameters requested are different than current active one (requested -> active):
  custom:video-decoder-ogg-theora: a1e56fd34408186e4bbccfd4996cb3dc -> 
  custom:container-muxer-webm: aa71ff27fc2769a1b78a27578f13a17b -> 
  custom:container-demuxer-webm: 4f35f7cbe854078d1ac9338744f61a02 -> 
  custom:video-encoder-webm-vp8: eb34c28f22e8b96e1ab97ce403110664 -> 
  custom:audio-encoder-webm-vorbis: bf7c407c2cedff20999df2af8eb42d56 -> 
  custom:framework-win-MediaFoundation: 216162199b28c13a410421893ffa2e32 -> 
  custom:container-demuxer-ogg: 62fdf1f143b41e24485cea50d1cbac27 -> 
  custom:video-decoder-webm-vp8: 9c59270c3fd7afecdb556c50c9e8de78 -> 
  custom:audio-decoder-ogg-vorbis: bf7c407c2cedff20999df2af8eb42d56 -> 
========================================================================
Received Prepare
Registering precompiled user dll's ...
Registered in 0.007106 seconds.
Begin MonoManager ReloadAssembly
Symbol file LoadedFromMemory doesn't match image C:\Users\zheni\Avanture\eBAIII\Library\PackageCache\com.unity.visualscripting@1.7.8\Editor\VisualScripting.Core\Dependencies\YamlDotNet\Unity.VisualScripting.YamlDotNet.dll
Symbol file LoadedFromMemory doesn't match image C:\Users\zheni\Avanture\eBAIII\Library\PackageCache\com.unity.visualscripting@1.7.8\Editor\VisualScripting.Core\Dependencies\DotNetZip\Unity.VisualScripting.IonicZip.dll
Native extension for WindowsStandalone target not found
Native extension for Android target not found
Native extension for WebGL target not found
Refreshing native plugins compatible for Editor in 2.48 ms, found 5 plugins.
Preloading 0 native plugins for Editor in 0.00 ms.
Mono: successfully reloaded assembly
- Completed reload, in  1.674 seconds
Domain Reload Profiling:
	ReloadAssembly (1676ms)
		BeginReloadAssembly (188ms)
			ExecutionOrderSort (0ms)
			DisableScriptedObjects (7ms)
			BackupInstance (0ms)
			ReleaseScriptingObjects (0ms)
			CreateAndSetChildDomain (68ms)
		EndReloadAssembly (1349ms)
			LoadAssemblies (115ms)
			RebuildTransferFunctionScriptingTraits (0ms)
			SetupTypeCache (409ms)
				TypeCache.Initialize (401ms)
					TypeCache.ScanAssembly (392ms)
				ResolveRequiredComponents (8ms)
			ReleaseScriptCaches (2ms)
			RebuildScriptCaches (73ms)
			SetupLoadedEditorAssemblies (641ms)
				LogAssemblyErrors (0ms)
				InitializePlatformSupportModulesInManaged (45ms)
				SetLoadedEditorAssemblies (12ms)
				RefreshPlugins (3ms)
				BeforeProcessingInitializeOnLoad (119ms)
				ProcessInitializeOnLoadAttributes (402ms)
				ProcessInitializeOnLoadMethodAttributes (46ms)
				AfterProcessingInitializeOnLoad (14ms)
				EditorAssembliesLoaded (1ms)
			ExecutionOrderSort2 (0ms)
			AwakeInstancesAfterBackupRestoration (12ms)
Platform modules already initialized, skipping
Refreshing native plugins compatible for Editor in 3.71 ms, found 5 plugins.
Preloading 0 native plugins for Editor in 0.00 ms.
Unloading 3760 Unused Serialized files (Serialized files now loaded: 0)
Unloading 35 unused Assets / (1.4 MB). Loaded Objects now: 4492.
Memory consumption went from 0.57 GB to 0.57 GB.
Total: 7.007100 ms (FindLiveObjects: 0.458900 ms CreateObjectMapping: 0.168900 ms MarkObjects: 6.001900 ms  DeleteObjects: 0.375900 ms)

AssetImportParameters requested are different than current active one (requested -> active):
  custom:video-decoder-ogg-theora: a1e56fd34408186e4bbccfd4996cb3dc -> 
  custom:container-muxer-webm: aa71ff27fc2769a1b78a27578f13a17b -> 
  custom:container-demuxer-webm: 4f35f7cbe854078d1ac9338744f61a02 -> 
  custom:video-encoder-webm-vp8: eb34c28f22e8b96e1ab97ce403110664 -> 
  custom:audio-encoder-webm-vorbis: bf7c407c2cedff20999df2af8eb42d56 -> 
  custom:framework-win-MediaFoundation: 216162199b28c13a410421893ffa2e32 -> 
  custom:container-demuxer-ogg: 62fdf1f143b41e24485cea50d1cbac27 -> 
  custom:video-decoder-webm-vp8: 9c59270c3fd7afecdb556c50c9e8de78 -> 
  custom:audio-decoder-ogg-vorbis: bf7c407c2cedff20999df2af8eb42d56 -> 
========================================================================
Received Prepare
Refreshing native plugins compatible for Editor in 7.02 ms, found 5 plugins.
Preloading 0 native plugins for Editor in 0.00 ms.
Unloading 35 Unused Serialized files (Serialized files now loaded: 0)
Unloading 35 unused Assets / (1.4 MB). Loaded Objects now: 4492.
Memory consumption went from 82.8 MB to 81.4 MB.
Total: 4.789800 ms (FindLiveObjects: 0.339700 ms CreateObjectMapping: 0.128900 ms MarkObjects: 3.892300 ms  DeleteObjects: 0.427700 ms)

AssetImportParameters requested are different than current active one (requested -> active):
  custom:video-decoder-ogg-theora: a1e56fd34408186e4bbccfd4996cb3dc -> 
  custom:container-muxer-webm: aa71ff27fc2769a1b78a27578f13a17b -> 
  custom:container-demuxer-webm: 4f35f7cbe854078d1ac9338744f61a02 -> 
  custom:video-encoder-webm-vp8: eb34c28f22e8b96e1ab97ce403110664 -> 
  custom:audio-encoder-webm-vorbis: bf7c407c2cedff20999df2af8eb42d56 -> 
  custom:framework-win-MediaFoundation: 216162199b28c13a410421893ffa2e32 -> 
  custom:container-demuxer-ogg: 62fdf1f143b41e24485cea50d1cbac27 -> 
  custom:video-decoder-webm-vp8: 9c59270c3fd7afecdb556c50c9e8de78 -> 
  custom:audio-decoder-ogg-vorbis: bf7c407c2cedff20999df2af8eb42d56 -> 
